/home/linh-pham/Downloads/vacuum_driver/install/vacuum_driver/lib/python3.12/site-packages/vacuum_driver/__init__.py
/home/linh-pham/Downloads/vacuum_driver/install/vacuum_driver/lib/python3.12/site-packages/vacuum_driver/pure_driver.py
/home/linh-pham/Downloads/vacuum_driver/install/vacuum_driver/lib/python3.12/site-packages/vacuum_driver/coverage_planner_node.py
/home/linh-pham/Downloads/vacuum_driver/install/vacuum_driver/lib/python3.12/site-packages/vacuum_driver/exploration_node.py
/home/linh-pham/Downloads/vacuum_driver/install/vacuum_driver/lib/python3.12/site-packages/vacuum_driver/slam_session_manager_node.py
/home/linh-pham/Downloads/vacuum_driver/install/vacuum_driver/lib/python3.12/site-packages/vacuum_driver/__pycache__/__init__.cpython-312.pyc
/home/linh-pham/Downloads/vacuum_driver/install/vacuum_driver/lib/python3.12/site-packages/vacuum_driver/__pycache__/pure_driver.cpython-312.pyc
/home/linh-pham/Downloads/vacuum_driver/install/vacuum_driver/lib/python3.12/site-packages/vacuum_driver/__pycache__/coverage_planner_node.cpython-312.pyc
/home/linh-pham/Downloads/vacuum_driver/install/vacuum_driver/lib/python3.12/site-packages/vacuum_driver/__pycache__/exploration_node.cpython-312.pyc
/home/linh-pham/Downloads/vacuum_driver/install/vacuum_driver/lib/python3.12/site-packages/vacuum_driver/__pycache__/slam_session_manager_node.cpython-312.pyc
/home/linh-pham/Downloads/vacuum_driver/install/vacuum_driver/share/ament_index/resource_index/packages/vacuum_driver
/home/linh-pham/Downloads/vacuum_driver/install/vacuum_driver/share/vacuum_driver/package.xml
/home/linh-pham/Downloads/vacuum_driver/install/vacuum_driver/share/vacuum_driver/launch/mapping.launch.py
/home/linh-pham/Downloads/vacuum_driver/install/vacuum_driver/share/vacuum_driver/launch/nav2_navigation.launch.py
/home/linh-pham/Downloads/vacuum_driver/install/vacuum_driver/share/vacuum_driver/launch/autonomous_mapping.launch.py
/home/linh-pham/Downloads/vacuum_driver/install/vacuum_driver/share/vacuum_driver/config/slam.yaml
/home/linh-pham/Downloads/vacuum_driver/install/vacuum_driver/share/vacuum_driver/config/nav2_params.yaml
/home/linh-pham/Downloads/vacuum_driver/install/vacuum_driver/share/vacuum_driver/rviz/mapping.rviz
/home/linh-pham/Downloads/vacuum_driver/install/vacuum_driver/lib/python3.12/site-packages/vacuum_driver-0.0.0-py3.12.egg-info/SOURCES.txt
/home/linh-pham/Downloads/vacuum_driver/install/vacuum_driver/lib/python3.12/site-packages/vacuum_driver-0.0.0-py3.12.egg-info/entry_points.txt
/home/linh-pham/Downloads/vacuum_driver/install/vacuum_driver/lib/python3.12/site-packages/vacuum_driver-0.0.0-py3.12.egg-info/requires.txt
/home/linh-pham/Downloads/vacuum_driver/install/vacuum_driver/lib/python3.12/site-packages/vacuum_driver-0.0.0-py3.12.egg-info/PKG-INFO
/home/linh-pham/Downloads/vacuum_driver/install/vacuum_driver/lib/python3.12/site-packages/vacuum_driver-0.0.0-py3.12.egg-info/zip-safe
/home/linh-pham/Downloads/vacuum_driver/install/vacuum_driver/lib/python3.12/site-packages/vacuum_driver-0.0.0-py3.12.egg-info/dependency_links.txt
/home/linh-pham/Downloads/vacuum_driver/install/vacuum_driver/lib/python3.12/site-packages/vacuum_driver-0.0.0-py3.12.egg-info/top_level.txt
/home/linh-pham/Downloads/vacuum_driver/install/vacuum_driver/lib/vacuum_driver/coverage_planner_node
/home/linh-pham/Downloads/vacuum_driver/install/vacuum_driver/lib/vacuum_driver/exploration_node
/home/linh-pham/Downloads/vacuum_driver/install/vacuum_driver/lib/vacuum_driver/pure_driver
/home/linh-pham/Downloads/vacuum_driver/install/vacuum_driver/lib/vacuum_driver/slam_session_manager_node
