running egg_info
writing build/vacuum_driver/vacuum_driver.egg-info/PKG-INFO
writing dependency_links to build/vacuum_driver/vacuum_driver.egg-info/dependency_links.txt
writing entry points to build/vacuum_driver/vacuum_driver.egg-info/entry_points.txt
writing requirements to build/vacuum_driver/vacuum_driver.egg-info/requires.txt
writing top-level names to build/vacuum_driver/vacuum_driver.egg-info/top_level.txt
reading manifest file 'build/vacuum_driver/vacuum_driver.egg-info/SOURCES.txt'
writing manifest file 'build/vacuum_driver/vacuum_driver.egg-info/SOURCES.txt'
running build
running build_py
copying vacuum_driver/pure_driver.py -> /home/linh-pham/Downloads/vacuum_driver/build/vacuum_driver/build/lib/vacuum_driver
running install
running install_lib
copying /home/linh-pham/Downloads/vacuum_driver/build/vacuum_driver/build/lib/vacuum_driver/pure_driver.py -> /home/linh-pham/Downloads/vacuum_driver/install/vacuum_driver/lib/python3.12/site-packages/vacuum_driver
byte-compiling /home/linh-pham/Downloads/vacuum_driver/install/vacuum_driver/lib/python3.12/site-packages/vacuum_driver/pure_driver.py to pure_driver.cpython-312.pyc
running install_data
copying launch/mapping.launch.py -> /home/linh-pham/Downloads/vacuum_driver/install/vacuum_driver/share/vacuum_driver/launch
copying launch/autonomous_mapping.launch.py -> /home/linh-pham/Downloads/vacuum_driver/install/vacuum_driver/share/vacuum_driver/launch
copying config/slam.yaml -> /home/linh-pham/Downloads/vacuum_driver/install/vacuum_driver/share/vacuum_driver/config
running install_egg_info
removing '/home/linh-pham/Downloads/vacuum_driver/install/vacuum_driver/lib/python3.12/site-packages/vacuum_driver-0.0.0-py3.12.egg-info' (and everything under it)
Copying build/vacuum_driver/vacuum_driver.egg-info to /home/linh-pham/Downloads/vacuum_driver/install/vacuum_driver/lib/python3.12/site-packages/vacuum_driver-0.0.0-py3.12.egg-info
running install_scripts
Installing coverage_planner_node script to /home/linh-pham/Downloads/vacuum_driver/install/vacuum_driver/lib/vacuum_driver
Installing exploration_node script to /home/linh-pham/Downloads/vacuum_driver/install/vacuum_driver/lib/vacuum_driver
Installing pure_driver script to /home/linh-pham/Downloads/vacuum_driver/install/vacuum_driver/lib/vacuum_driver
Installing slam_session_manager_node script to /home/linh-pham/Downloads/vacuum_driver/install/vacuum_driver/lib/vacuum_driver
writing list of installed files to '/home/linh-pham/Downloads/vacuum_driver/build/vacuum_driver/install.log'
