[0.084s] DEBUG:colcon:Command line arguments: ['/usr/bin/colcon', 'build', '--base-paths', '.', '--packages-select', 'vacuum_driver', '--symlink-install']
[0.085s] DEBUG:colcon:Parsed command line arguments: Namespace(log_base=None, log_level=None, verb_name='build', build_base='build', install_base='install', merge_install=False, symlink_install=True, test_result_base=None, continue_on_error=False, executor='parallel', parallel_workers=12, event_handlers=None, ignore_user_meta=False, metas=['./colcon.meta'], base_paths=['.'], packages_ignore=None, packages_ignore_regex=None, paths=None, packages_up_to=None, packages_up_to_regex=None, packages_above=None, packages_above_and_dependencies=None, packages_above_depth=None, packages_select_by_dep=None, packages_skip_by_dep=None, packages_skip_up_to=None, packages_select_build_failed=False, packages_skip_build_finished=False, packages_select_test_failures=False, packages_skip_test_passed=False, packages_select=['vacuum_driver'], packages_skip=None, packages_select_regex=None, packages_skip_regex=None, packages_start=None, packages_end=None, allow_overriding=[], cmake_args=None, cmake_target=None, cmake_target_skip_unavailable=False, cmake_clean_cache=False, cmake_clean_first=False, cmake_force_configure=False, ament_cmake_args=None, catkin_cmake_args=None, catkin_skip_building_tests=False, mixin_files=None, mixin=None, verb_parser=<colcon_mixin.mixin.mixin_argument.MixinArgumentDecorator object at 0x782ac4443380>, verb_extension=<colcon_core.verb.build.BuildVerb object at 0x782ac4442ff0>, main=<bound method BuildVerb.main of <colcon_core.verb.build.BuildVerb object at 0x782ac4442ff0>>, mixin_verb=('build',))
[0.116s] Level 1:colcon.colcon_core.package_discovery:discover_packages(colcon_meta) check parameters
[0.116s] Level 1:colcon.colcon_core.package_discovery:discover_packages(recursive) check parameters
[0.117s] Level 1:colcon.colcon_core.package_discovery:discover_packages(ignore) check parameters
[0.117s] Level 1:colcon.colcon_core.package_discovery:discover_packages(path) check parameters
[0.117s] Level 1:colcon.colcon_core.package_discovery:discover_packages(recursive) discover
[0.117s] INFO:colcon.colcon_core.package_discovery:Crawling recursively for packages in '/home/linh-pham/Downloads/vacuum_driver'
[0.117s] Level 1:colcon.colcon_core.package_identification:_identify(.) by extensions ['ignore', 'ignore_ament_install']
[0.117s] Level 1:colcon.colcon_core.package_identification:_identify(.) by extension 'ignore'
[0.117s] Level 1:colcon.colcon_core.package_identification:_identify(.) by extension 'ignore_ament_install'
[0.117s] Level 1:colcon.colcon_core.package_identification:_identify(.) by extensions ['colcon_pkg']
[0.117s] Level 1:colcon.colcon_core.package_identification:_identify(.) by extension 'colcon_pkg'
[0.117s] Level 1:colcon.colcon_core.package_identification:_identify(.) by extensions ['colcon_meta']
[0.117s] Level 1:colcon.colcon_core.package_identification:_identify(.) by extension 'colcon_meta'
[0.117s] Level 1:colcon.colcon_core.package_identification:_identify(.) by extensions ['ros']
[0.117s] Level 1:colcon.colcon_core.package_identification:_identify(.) by extension 'ros'
[0.141s] DEBUG:colcon.colcon_core.package_identification:Package '.' with type 'ros.ament_python' and name 'vacuum_driver'
[0.141s] Level 1:colcon.colcon_core.package_discovery:discover_packages(recursive) using defaults
[0.161s] Level 1:colcon.colcon_core.package_discovery:discover_packages(prefix_path) check parameters
[0.162s] Level 1:colcon.colcon_core.package_discovery:discover_packages(prefix_path) discover
[0.163s] DEBUG:colcon.colcon_installed_package_information.package_discovery:Found 1 installed packages in /home/linh-pham/Downloads/vacuum_driver/install
[0.164s] DEBUG:colcon.colcon_installed_package_information.package_discovery:Found 387 installed packages in /opt/ros/jazzy
[0.165s] Level 1:colcon.colcon_core.package_discovery:discover_packages(prefix_path) using defaults
[0.199s] Level 5:colcon.colcon_core.verb:set package 'vacuum_driver' build argument 'cmake_args' from command line to 'None'
[0.199s] Level 5:colcon.colcon_core.verb:set package 'vacuum_driver' build argument 'cmake_target' from command line to 'None'
[0.199s] Level 5:colcon.colcon_core.verb:set package 'vacuum_driver' build argument 'cmake_target_skip_unavailable' from command line to 'False'
[0.199s] Level 5:colcon.colcon_core.verb:set package 'vacuum_driver' build argument 'cmake_clean_cache' from command line to 'False'
[0.199s] Level 5:colcon.colcon_core.verb:set package 'vacuum_driver' build argument 'cmake_clean_first' from command line to 'False'
[0.199s] Level 5:colcon.colcon_core.verb:set package 'vacuum_driver' build argument 'cmake_force_configure' from command line to 'False'
[0.199s] Level 5:colcon.colcon_core.verb:set package 'vacuum_driver' build argument 'ament_cmake_args' from command line to 'None'
[0.199s] Level 5:colcon.colcon_core.verb:set package 'vacuum_driver' build argument 'catkin_cmake_args' from command line to 'None'
[0.199s] Level 5:colcon.colcon_core.verb:set package 'vacuum_driver' build argument 'catkin_skip_building_tests' from command line to 'False'
[0.199s] DEBUG:colcon.colcon_core.verb:Building package 'vacuum_driver' with the following arguments: {'ament_cmake_args': None, 'build_base': '/home/linh-pham/Downloads/vacuum_driver/build/vacuum_driver', 'catkin_cmake_args': None, 'catkin_skip_building_tests': False, 'cmake_args': None, 'cmake_clean_cache': False, 'cmake_clean_first': False, 'cmake_force_configure': False, 'cmake_target': None, 'cmake_target_skip_unavailable': False, 'install_base': '/home/linh-pham/Downloads/vacuum_driver/install/vacuum_driver', 'merge_install': False, 'path': '/home/linh-pham/Downloads/vacuum_driver', 'symlink_install': True, 'test_result_base': None}
[0.199s] INFO:colcon.colcon_core.executor:Executing jobs using 'parallel' executor
[0.200s] DEBUG:colcon.colcon_parallel_executor.executor.parallel:run_until_complete
[0.200s] INFO:colcon.colcon_ros.task.ament_python.build:Building ROS package in '/home/linh-pham/Downloads/vacuum_driver' with build type 'ament_python'
[0.201s] Level 1:colcon.colcon_core.shell:create_environment_hook('vacuum_driver', 'ament_prefix_path')
[0.202s] INFO:colcon.colcon_core.plugin_system:Skipping extension 'colcon_core.shell.bat': Not used on non-Windows systems
[0.202s] INFO:colcon.colcon_core.shell:Creating environment hook '/home/linh-pham/Downloads/vacuum_driver/install/vacuum_driver/share/vacuum_driver/hook/ament_prefix_path.ps1'
[0.203s] INFO:colcon.colcon_core.shell:Creating environment descriptor '/home/linh-pham/Downloads/vacuum_driver/install/vacuum_driver/share/vacuum_driver/hook/ament_prefix_path.dsv'
[0.203s] INFO:colcon.colcon_core.shell:Creating environment hook '/home/linh-pham/Downloads/vacuum_driver/install/vacuum_driver/share/vacuum_driver/hook/ament_prefix_path.sh'
[0.204s] INFO:colcon.colcon_core.shell:Skip shell extension 'powershell' for command environment: Not usable outside of PowerShell
[0.204s] DEBUG:colcon.colcon_core.shell:Skip shell extension 'dsv' for command environment
[0.387s] INFO:colcon.colcon_core.task.python.build:Building Python package in '/home/linh-pham/Downloads/vacuum_driver'
[0.387s] INFO:colcon.colcon_core.shell:Skip shell extension 'powershell' for command environment: Not usable outside of PowerShell
[0.387s] DEBUG:colcon.colcon_core.shell:Skip shell extension 'dsv' for command environment
[0.905s] DEBUG:colcon.colcon_core.event_handler.log_command:Invoking command in '/home/linh-pham/Downloads/vacuum_driver/build/vacuum_driver': DEBUGINFOD_URLS=https://debuginfod.ubuntu.com PYTHONPATH=/home/linh-pham/Downloads/vacuum_driver/build/vacuum_driver/prefix_override:/usr/lib/python3/dist-packages/colcon_core/task/python/colcon_distutils_commands:/home/linh-pham/Downloads/vacuum_driver/install/vacuum_driver/lib/python3.12/site-packages:${PYTHONPATH} /usr/bin/python3 -W ignore:setup.py install is deprecated -W ignore:easy_install command is deprecated setup.py develop --editable --build-directory /home/linh-pham/Downloads/vacuum_driver/build/vacuum_driver/build --no-deps symlink_data
[1.455s] Level 1:colcon.colcon_core.shell:create_environment_hook('vacuum_driver', 'pythonpath_develop')
[1.455s] INFO:colcon.colcon_core.shell:Creating environment hook '/home/linh-pham/Downloads/vacuum_driver/build/vacuum_driver/share/vacuum_driver/hook/pythonpath_develop.ps1'
[1.456s] DEBUG:colcon.colcon_core.event_handler.log_command:Invoked command in '/home/linh-pham/Downloads/vacuum_driver/build/vacuum_driver' returned '0': DEBUGINFOD_URLS=https://debuginfod.ubuntu.com PYTHONPATH=/home/linh-pham/Downloads/vacuum_driver/build/vacuum_driver/prefix_override:/usr/lib/python3/dist-packages/colcon_core/task/python/colcon_distutils_commands:/home/linh-pham/Downloads/vacuum_driver/install/vacuum_driver/lib/python3.12/site-packages:${PYTHONPATH} /usr/bin/python3 -W ignore:setup.py install is deprecated -W ignore:easy_install command is deprecated setup.py develop --editable --build-directory /home/linh-pham/Downloads/vacuum_driver/build/vacuum_driver/build --no-deps symlink_data
[1.456s] INFO:colcon.colcon_core.shell:Creating environment descriptor '/home/linh-pham/Downloads/vacuum_driver/build/vacuum_driver/share/vacuum_driver/hook/pythonpath_develop.dsv'
[1.457s] INFO:colcon.colcon_core.shell:Creating environment hook '/home/linh-pham/Downloads/vacuum_driver/build/vacuum_driver/share/vacuum_driver/hook/pythonpath_develop.sh'
[1.459s] Level 1:colcon.colcon_core.environment:checking '/home/linh-pham/Downloads/vacuum_driver/install/vacuum_driver' for CMake module files
[1.459s] Level 1:colcon.colcon_core.environment:checking '/home/linh-pham/Downloads/vacuum_driver/install/vacuum_driver' for CMake config files
[1.459s] Level 1:colcon.colcon_core.environment:checking '/home/linh-pham/Downloads/vacuum_driver/install/vacuum_driver/lib'
[1.460s] Level 1:colcon.colcon_core.environment:checking '/home/linh-pham/Downloads/vacuum_driver/install/vacuum_driver/bin'
[1.460s] Level 1:colcon.colcon_core.environment:checking '/home/linh-pham/Downloads/vacuum_driver/install/vacuum_driver/lib/pkgconfig/vacuum_driver.pc'
[1.460s] Level 1:colcon.colcon_core.environment:checking '/home/linh-pham/Downloads/vacuum_driver/install/vacuum_driver/lib/python3.12/site-packages'
[1.460s] Level 1:colcon.colcon_core.shell:create_environment_hook('vacuum_driver', 'pythonpath')
[1.460s] INFO:colcon.colcon_core.shell:Creating environment hook '/home/linh-pham/Downloads/vacuum_driver/install/vacuum_driver/share/vacuum_driver/hook/pythonpath.ps1'
[1.460s] INFO:colcon.colcon_core.shell:Creating environment descriptor '/home/linh-pham/Downloads/vacuum_driver/install/vacuum_driver/share/vacuum_driver/hook/pythonpath.dsv'
[1.461s] INFO:colcon.colcon_core.shell:Creating environment hook '/home/linh-pham/Downloads/vacuum_driver/install/vacuum_driver/share/vacuum_driver/hook/pythonpath.sh'
[1.461s] Level 1:colcon.colcon_core.environment:checking '/home/linh-pham/Downloads/vacuum_driver/install/vacuum_driver/bin'
[1.461s] Level 1:colcon.colcon_core.environment:create_environment_scripts_only(vacuum_driver)
[1.461s] INFO:colcon.colcon_core.shell:Creating package script '/home/linh-pham/Downloads/vacuum_driver/install/vacuum_driver/share/vacuum_driver/package.ps1'
[1.462s] INFO:colcon.colcon_core.shell:Creating package descriptor '/home/linh-pham/Downloads/vacuum_driver/install/vacuum_driver/share/vacuum_driver/package.dsv'
[1.462s] INFO:colcon.colcon_core.shell:Creating package script '/home/linh-pham/Downloads/vacuum_driver/install/vacuum_driver/share/vacuum_driver/package.sh'
[1.463s] INFO:colcon.colcon_core.shell:Creating package script '/home/linh-pham/Downloads/vacuum_driver/install/vacuum_driver/share/vacuum_driver/package.bash'
[1.464s] INFO:colcon.colcon_core.shell:Creating package script '/home/linh-pham/Downloads/vacuum_driver/install/vacuum_driver/share/vacuum_driver/package.zsh'
[1.464s] Level 1:colcon.colcon_core.environment:create_file_with_runtime_dependencies(/home/linh-pham/Downloads/vacuum_driver/install/vacuum_driver/share/colcon-core/packages/vacuum_driver)
[1.464s] DEBUG:colcon.colcon_parallel_executor.executor.parallel:closing loop
[1.465s] DEBUG:colcon.colcon_parallel_executor.executor.parallel:loop closed
[1.465s] DEBUG:colcon.colcon_parallel_executor.executor.parallel:run_until_complete finished with '0'
[1.465s] DEBUG:colcon.colcon_core.event_reactor:joining thread
[1.470s] INFO:colcon.colcon_core.plugin_system:Skipping extension 'colcon_notification.desktop_notification.terminal_notifier': Not used on non-Darwin systems
[1.470s] INFO:colcon.colcon_core.plugin_system:Skipping extension 'colcon_notification.desktop_notification.win32': Not used on non-Windows systems
[1.470s] INFO:colcon.colcon_notification.desktop_notification:Sending desktop notification using 'notify2'
[1.488s] DEBUG:colcon.colcon_core.event_reactor:joined thread
[1.488s] INFO:colcon.colcon_core.shell:Creating prefix script '/home/linh-pham/Downloads/vacuum_driver/install/local_setup.ps1'
[1.489s] INFO:colcon.colcon_core.shell:Creating prefix util module '/home/linh-pham/Downloads/vacuum_driver/install/_local_setup_util_ps1.py'
[1.490s] INFO:colcon.colcon_core.shell:Creating prefix chain script '/home/linh-pham/Downloads/vacuum_driver/install/setup.ps1'
[1.490s] INFO:colcon.colcon_core.shell:Creating prefix script '/home/linh-pham/Downloads/vacuum_driver/install/local_setup.sh'
[1.491s] INFO:colcon.colcon_core.shell:Creating prefix util module '/home/linh-pham/Downloads/vacuum_driver/install/_local_setup_util_sh.py'
[1.492s] INFO:colcon.colcon_core.shell:Creating prefix chain script '/home/linh-pham/Downloads/vacuum_driver/install/setup.sh'
[1.492s] INFO:colcon.colcon_core.shell:Creating prefix script '/home/linh-pham/Downloads/vacuum_driver/install/local_setup.bash'
[1.493s] INFO:colcon.colcon_core.shell:Creating prefix chain script '/home/linh-pham/Downloads/vacuum_driver/install/setup.bash'
[1.494s] INFO:colcon.colcon_core.shell:Creating prefix script '/home/linh-pham/Downloads/vacuum_driver/install/local_setup.zsh'
[1.494s] INFO:colcon.colcon_core.shell:Creating prefix chain script '/home/linh-pham/Downloads/vacuum_driver/install/setup.zsh'
