[0.596s] Invoking command in '/home/linh-pham/Downloads/vacuum_driver/build/vacuum_driver': DEBUGINFOD_URLS=https://debuginfod.ubuntu.com PYTHONPATH=/home/linh-pham/Downloads/vacuum_driver/build/vacuum_driver/prefix_override:/usr/lib/python3/dist-packages/colcon_core/task/python/colcon_distutils_commands:/home/linh-pham/Downloads/vacuum_driver/install/vacuum_driver/lib/python3.12/site-packages:${PYTHONPATH} /usr/bin/python3 -W ignore:setup.py install is deprecated -W ignore:easy_install command is deprecated setup.py develop --editable --build-directory /home/linh-pham/Downloads/vacuum_driver/build/vacuum_driver/build --no-deps symlink_data
[0.831s] running develop
[0.978s] running egg_info
[0.992s] writing vacuum_driver.egg-info/PKG-INFO
[0.992s] writing dependency_links to vacuum_driver.egg-info/dependency_links.txt
[0.992s] writing entry points to vacuum_driver.egg-info/entry_points.txt
[0.992s] writing requirements to vacuum_driver.egg-info/requires.txt
[0.992s] writing top-level names to vacuum_driver.egg-info/top_level.txt
[1.020s] reading manifest file 'vacuum_driver.egg-info/SOURCES.txt'
[1.021s] writing manifest file 'vacuum_driver.egg-info/SOURCES.txt'
[1.038s] running build_ext
[1.038s] Creating /home/linh-pham/Downloads/vacuum_driver/install/vacuum_driver/lib/python3.12/site-packages/vacuum-driver.egg-link (link to .)
[1.038s] Installing autonomous_cleaning_node script to /home/linh-pham/Downloads/vacuum_driver/install/vacuum_driver/lib/vacuum_driver
[1.038s] Installing pure_driver script to /home/linh-pham/Downloads/vacuum_driver/install/vacuum_driver/lib/vacuum_driver
[1.038s] Installing slam_session_manager_node script to /home/linh-pham/Downloads/vacuum_driver/install/vacuum_driver/lib/vacuum_driver
[1.038s] 
[1.039s] Installed /home/linh-pham/Downloads/vacuum_driver/build/vacuum_driver
[1.039s] running symlink_data
[1.039s] symbolically linking /home/linh-pham/Downloads/vacuum_driver/build/vacuum_driver/launch/autonomous_mapping.launch.py -> /home/linh-pham/Downloads/vacuum_driver/install/vacuum_driver/share/vacuum_driver/launch
[1.039s] creating /home/linh-pham/Downloads/vacuum_driver/install/vacuum_driver/share/vacuum_driver/urdf
[1.039s] symbolically linking /home/linh-pham/Downloads/vacuum_driver/build/vacuum_driver/urdf/vacuum_robot.urdf -> /home/linh-pham/Downloads/vacuum_driver/install/vacuum_driver/share/vacuum_driver/urdf
[1.069s] Invoked command in '/home/linh-pham/Downloads/vacuum_driver/build/vacuum_driver' returned '0': DEBUGINFOD_URLS=https://debuginfod.ubuntu.com PYTHONPATH=/home/linh-pham/Downloads/vacuum_driver/build/vacuum_driver/prefix_override:/usr/lib/python3/dist-packages/colcon_core/task/python/colcon_distutils_commands:/home/linh-pham/Downloads/vacuum_driver/install/vacuum_driver/lib/python3.12/site-packages:${PYTHONPATH} /usr/bin/python3 -W ignore:setup.py install is deprecated -W ignore:easy_install command is deprecated setup.py develop --editable --build-directory /home/linh-pham/Downloads/vacuum_driver/build/vacuum_driver/build --no-deps symlink_data
