[0.559s] Invoking command in '/home/linh-pham/Downloads/vacuum_driver/build/vacuum_driver': DEBUGINFOD_URLS=https://debuginfod.ubuntu.com PYTHONPATH=/home/linh-pham/Downloads/vacuum_driver/build/vacuum_driver/prefix_override:/usr/lib/python3/dist-packages/colcon_core/task/python/colcon_distutils_commands:/home/linh-pham/Downloads/vacuum_driver/install/vacuum_driver/lib/python3.12/site-packages:${PYTHONPATH} /usr/bin/python3 -W ignore:setup.py install is deprecated -W ignore:easy_install command is deprecated setup.py develop --uninstall --editable --build-directory /home/linh-pham/Downloads/vacuum_driver/build/vacuum_driver/build
[0.769s] running develop
[0.904s] Removing /home/linh-pham/Downloads/vacuum_driver/install/vacuum_driver/lib/python3.12/site-packages/vacuum-driver.egg-link (link to .)
[0.929s] Invoked command in '/home/linh-pham/Downloads/vacuum_driver/build/vacuum_driver' returned '0': DEBUGINFOD_URLS=https://debuginfod.ubuntu.com PYTHONPATH=/home/linh-pham/Downloads/vacuum_driver/build/vacuum_driver/prefix_override:/usr/lib/python3/dist-packages/colcon_core/task/python/colcon_distutils_commands:/home/linh-pham/Downloads/vacuum_driver/install/vacuum_driver/lib/python3.12/site-packages:${PYTHONPATH} /usr/bin/python3 -W ignore:setup.py install is deprecated -W ignore:easy_install command is deprecated setup.py develop --uninstall --editable --build-directory /home/linh-pham/Downloads/vacuum_driver/build/vacuum_driver/build
[0.930s] Invoking command in '/home/linh-pham/Downloads/vacuum_driver': DEBUGINFOD_URLS=https://debuginfod.ubuntu.com PYTHONPATH=/home/linh-pham/Downloads/vacuum_driver/build/vacuum_driver/prefix_override:/usr/lib/python3/dist-packages/colcon_core/task/python/colcon_distutils_commands:/home/linh-pham/Downloads/vacuum_driver/install/vacuum_driver/lib/python3.12/site-packages:${PYTHONPATH} /usr/bin/python3 -W ignore:setup.py install is deprecated -W ignore:easy_install command is deprecated setup.py egg_info --egg-base build/vacuum_driver build --build-base /home/linh-pham/Downloads/vacuum_driver/build/vacuum_driver/build install --record /home/linh-pham/Downloads/vacuum_driver/build/vacuum_driver/install.log --single-version-externally-managed install_data --force
[1.117s] running egg_info
[1.130s] writing build/vacuum_driver/vacuum_driver.egg-info/PKG-INFO
[1.130s] writing dependency_links to build/vacuum_driver/vacuum_driver.egg-info/dependency_links.txt
[1.131s] writing entry points to build/vacuum_driver/vacuum_driver.egg-info/entry_points.txt
[1.131s] writing requirements to build/vacuum_driver/vacuum_driver.egg-info/requires.txt
[1.131s] writing top-level names to build/vacuum_driver/vacuum_driver.egg-info/top_level.txt
[1.158s] reading manifest file 'build/vacuum_driver/vacuum_driver.egg-info/SOURCES.txt'
[1.158s] writing manifest file 'build/vacuum_driver/vacuum_driver.egg-info/SOURCES.txt'
[1.158s] running build
[1.158s] running build_py
[1.158s] copying vacuum_driver/exploration_node.py -> /home/linh-pham/Downloads/vacuum_driver/build/vacuum_driver/build/lib/vacuum_driver
[1.159s] running install
[1.163s] running install_lib
[1.176s] creating /home/linh-pham/Downloads/vacuum_driver/install/vacuum_driver/lib/python3.12/site-packages/vacuum_driver
[1.176s] copying /home/linh-pham/Downloads/vacuum_driver/build/vacuum_driver/build/lib/vacuum_driver/__init__.py -> /home/linh-pham/Downloads/vacuum_driver/install/vacuum_driver/lib/python3.12/site-packages/vacuum_driver
[1.176s] copying /home/linh-pham/Downloads/vacuum_driver/build/vacuum_driver/build/lib/vacuum_driver/pure_driver.py -> /home/linh-pham/Downloads/vacuum_driver/install/vacuum_driver/lib/python3.12/site-packages/vacuum_driver
[1.176s] copying /home/linh-pham/Downloads/vacuum_driver/build/vacuum_driver/build/lib/vacuum_driver/coverage_planner_node.py -> /home/linh-pham/Downloads/vacuum_driver/install/vacuum_driver/lib/python3.12/site-packages/vacuum_driver
[1.177s] copying /home/linh-pham/Downloads/vacuum_driver/build/vacuum_driver/build/lib/vacuum_driver/exploration_node.py -> /home/linh-pham/Downloads/vacuum_driver/install/vacuum_driver/lib/python3.12/site-packages/vacuum_driver
[1.177s] copying /home/linh-pham/Downloads/vacuum_driver/build/vacuum_driver/build/lib/vacuum_driver/slam_session_manager_node.py -> /home/linh-pham/Downloads/vacuum_driver/install/vacuum_driver/lib/python3.12/site-packages/vacuum_driver
[1.177s] byte-compiling /home/linh-pham/Downloads/vacuum_driver/install/vacuum_driver/lib/python3.12/site-packages/vacuum_driver/__init__.py to __init__.cpython-312.pyc
[1.177s] byte-compiling /home/linh-pham/Downloads/vacuum_driver/install/vacuum_driver/lib/python3.12/site-packages/vacuum_driver/pure_driver.py to pure_driver.cpython-312.pyc
[1.183s] byte-compiling /home/linh-pham/Downloads/vacuum_driver/install/vacuum_driver/lib/python3.12/site-packages/vacuum_driver/coverage_planner_node.py to coverage_planner_node.cpython-312.pyc
[1.186s] byte-compiling /home/linh-pham/Downloads/vacuum_driver/install/vacuum_driver/lib/python3.12/site-packages/vacuum_driver/exploration_node.py to exploration_node.cpython-312.pyc
[1.195s] byte-compiling /home/linh-pham/Downloads/vacuum_driver/install/vacuum_driver/lib/python3.12/site-packages/vacuum_driver/slam_session_manager_node.py to slam_session_manager_node.cpython-312.pyc
[1.196s] running install_data
[1.196s] copying resource/vacuum_driver -> /home/linh-pham/Downloads/vacuum_driver/install/vacuum_driver/share/ament_index/resource_index/packages
[1.196s] copying package.xml -> /home/linh-pham/Downloads/vacuum_driver/install/vacuum_driver/share/vacuum_driver
[1.196s] copying launch/mapping.launch.py -> /home/linh-pham/Downloads/vacuum_driver/install/vacuum_driver/share/vacuum_driver/launch
[1.196s] copying launch/nav2_navigation.launch.py -> /home/linh-pham/Downloads/vacuum_driver/install/vacuum_driver/share/vacuum_driver/launch
[1.196s] copying launch/autonomous_mapping.launch.py -> /home/linh-pham/Downloads/vacuum_driver/install/vacuum_driver/share/vacuum_driver/launch
[1.196s] copying config/slam.yaml -> /home/linh-pham/Downloads/vacuum_driver/install/vacuum_driver/share/vacuum_driver/config
[1.196s] copying config/nav2_params.yaml -> /home/linh-pham/Downloads/vacuum_driver/install/vacuum_driver/share/vacuum_driver/config
[1.196s] copying rviz/mapping.rviz -> /home/linh-pham/Downloads/vacuum_driver/install/vacuum_driver/share/vacuum_driver/rviz
[1.196s] running install_egg_info
[1.211s] Copying build/vacuum_driver/vacuum_driver.egg-info to /home/linh-pham/Downloads/vacuum_driver/install/vacuum_driver/lib/python3.12/site-packages/vacuum_driver-0.0.0-py3.12.egg-info
[1.211s] running install_scripts
[1.299s] Installing coverage_planner_node script to /home/linh-pham/Downloads/vacuum_driver/install/vacuum_driver/lib/vacuum_driver
[1.300s] Installing exploration_node script to /home/linh-pham/Downloads/vacuum_driver/install/vacuum_driver/lib/vacuum_driver
[1.300s] Installing pure_driver script to /home/linh-pham/Downloads/vacuum_driver/install/vacuum_driver/lib/vacuum_driver
[1.300s] Installing slam_session_manager_node script to /home/linh-pham/Downloads/vacuum_driver/install/vacuum_driver/lib/vacuum_driver
[1.300s] writing list of installed files to '/home/linh-pham/Downloads/vacuum_driver/build/vacuum_driver/install.log'
[1.327s] Invoked command in '/home/linh-pham/Downloads/vacuum_driver' returned '0': DEBUGINFOD_URLS=https://debuginfod.ubuntu.com PYTHONPATH=/home/linh-pham/Downloads/vacuum_driver/build/vacuum_driver/prefix_override:/usr/lib/python3/dist-packages/colcon_core/task/python/colcon_distutils_commands:/home/linh-pham/Downloads/vacuum_driver/install/vacuum_driver/lib/python3.12/site-packages:${PYTHONPATH} /usr/bin/python3 -W ignore:setup.py install is deprecated -W ignore:easy_install command is deprecated setup.py egg_info --egg-base build/vacuum_driver build --build-base /home/linh-pham/Downloads/vacuum_driver/build/vacuum_driver/build install --record /home/linh-pham/Downloads/vacuum_driver/build/vacuum_driver/install.log --single-version-externally-managed install_data --force
