[0.697s] Invoking command in '/home/linh-pham/Downloads/vacuum_driver/build/vacuum_driver': DEBUGINFOD_URLS=https://debuginfod.ubuntu.com PYTHONPATH=/home/linh-pham/Downloads/vacuum_driver/build/vacuum_driver/prefix_override:/usr/lib/python3/dist-packages/colcon_core/task/python/colcon_distutils_commands:/home/linh-pham/Downloads/vacuum_driver/install/vacuum_driver/lib/python3.12/site-packages:${PYTHONPATH} /usr/bin/python3 -W ignore:setup.py install is deprecated -W ignore:easy_install command is deprecated setup.py develop --editable --build-directory /home/linh-pham/Downloads/vacuum_driver/build/vacuum_driver/build --no-deps symlink_data
[0.972s] running develop
[1.112s] running egg_info
[1.112s] creating vacuum_driver.egg-info
[1.126s] writing vacuum_driver.egg-info/PKG-INFO
[1.126s] writing dependency_links to vacuum_driver.egg-info/dependency_links.txt
[1.126s] writing entry points to vacuum_driver.egg-info/entry_points.txt
[1.126s] writing requirements to vacuum_driver.egg-info/requires.txt
[1.126s] writing top-level names to vacuum_driver.egg-info/top_level.txt
[1.127s] writing manifest file 'vacuum_driver.egg-info/SOURCES.txt'
[1.154s] reading manifest file 'vacuum_driver.egg-info/SOURCES.txt'
[1.154s] writing manifest file 'vacuum_driver.egg-info/SOURCES.txt'
[1.169s] running build_ext
[1.169s] Creating /home/linh-pham/Downloads/vacuum_driver/install/vacuum_driver/lib/python3.12/site-packages/vacuum-driver.egg-link (link to .)
[1.170s] Installing pure_driver script to /home/linh-pham/Downloads/vacuum_driver/install/vacuum_driver/lib/vacuum_driver
[1.170s] 
[1.170s] Installed /home/linh-pham/Downloads/vacuum_driver/build/vacuum_driver
[1.170s] running symlink_data
[1.170s] creating /home/linh-pham/Downloads/vacuum_driver/install/vacuum_driver/share/ament_index
[1.170s] creating /home/linh-pham/Downloads/vacuum_driver/install/vacuum_driver/share/ament_index/resource_index
[1.170s] creating /home/linh-pham/Downloads/vacuum_driver/install/vacuum_driver/share/ament_index/resource_index/packages
[1.171s] symbolically linking /home/linh-pham/Downloads/vacuum_driver/build/vacuum_driver/resource/vacuum_driver -> /home/linh-pham/Downloads/vacuum_driver/install/vacuum_driver/share/ament_index/resource_index/packages
[1.171s] symbolically linking /home/linh-pham/Downloads/vacuum_driver/build/vacuum_driver/package.xml -> /home/linh-pham/Downloads/vacuum_driver/install/vacuum_driver/share/vacuum_driver
[1.200s] Invoked command in '/home/linh-pham/Downloads/vacuum_driver/build/vacuum_driver' returned '0': DEBUGINFOD_URLS=https://debuginfod.ubuntu.com PYTHONPATH=/home/linh-pham/Downloads/vacuum_driver/build/vacuum_driver/prefix_override:/usr/lib/python3/dist-packages/colcon_core/task/python/colcon_distutils_commands:/home/linh-pham/Downloads/vacuum_driver/install/vacuum_driver/lib/python3.12/site-packages:${PYTHONPATH} /usr/bin/python3 -W ignore:setup.py install is deprecated -W ignore:easy_install command is deprecated setup.py develop --editable --build-directory /home/linh-pham/Downloads/vacuum_driver/build/vacuum_driver/build --no-deps symlink_data
